#
# There is insufficient memory for the Java Runtime Environment to continue.
# Native memory allocation (malloc) failed to allocate 32744 bytes for ChunkPool::allocate
# Possible reasons:
#   The system is out of physical RAM or swap space
#   The process is running with CompressedOops enabled, and the Java Heap may be blocking the growth of the native heap
# Possible solutions:
#   Reduce memory load on the system
#   Increase physical memory or swap space
#   Check if swap backing store is full
#   Decrease Java heap size (-Xmx/-Xms)
#   Decrease number of Java threads
#   Decrease Java thread stack sizes (-Xss)
#   Set larger code cache with -XX:ReservedCodeCacheSize=
#   JVM is running with Unscaled Compressed Oops mode in which the Java heap is
#     placed in the first 4GB address space. The Java Heap base address is the
#     maximum limit for the native heap growth. Please use -XX:HeapBaseMinAddress
#     to set the Java Heap base and to place the Java Heap above 4GB virtual address.
# This output file may be truncated or incomplete.
#
#  Out of Memory Error (./open/src/hotspot/share/memory/arena.cpp:81), pid=43064, tid=63168
#
# JRE version: Java(TM) SE Runtime Environment 18.9 (11.0.17+10) (build 11.0.17+10-LTS-269)
# Java VM: Java HotSpot(TM) 64-Bit Server VM 18.9 (11.0.17+10-LTS-269, mixed mode, tiered, compressed oops, g1 gc, windows-amd64)
# No core dump will be written. Minidumps are not enabled by default on client versions of Windows
#

---------------  S U M M A R Y ------------

Command Line: -XX:MaxMetaspaceSize=512m --add-opens=java.base/java.util=ALL-UNNAMED --add-opens=java.base/java.lang=ALL-UNNAMED --add-opens=java.base/java.lang.invoke=ALL-UNNAMED --add-opens=java.prefs/java.util.prefs=ALL-UNNAMED --add-opens=java.base/java.nio.charset=ALL-UNNAMED --add-opens=java.base/java.net=ALL-UNNAMED --add-opens=java.base/java.util.concurrent.atomic=ALL-UNNAMED -Xmx2048m -Dfile.encoding=windows-1252 -Duser.country=US -Duser.language=en -Duser.variant org.gradle.launcher.daemon.bootstrap.GradleDaemon 8.0.1

Host: Intel(R) Core(TM) i5-4210U CPU @ 1.70GHz, 4 cores, 7G,  Windows 10 , 64 bit Build 19041 (10.0.19041.2546)
Time: Sat Aug 17 22:13:37 2024 E. Africa Standard Time elapsed time: 88.362498 seconds (0d 0h 1m 28s)

---------------  T H R E A D  ---------------

Current thread (0x0000020cffbdb800):  JavaThread "C2 CompilerThread0" daemon [_thread_in_native, id=63168, stack(0x000000a155700000,0x000000a155800000)]


Current CompileTask:
C2:  88362 2210   !   4      
[error occurred during error reporting (printing current compile task), id 0xe0000001, Out of Memory Error (./open/src/hotspot/share/memory/arena.cpp:81)]

Stack: [0x000000a155700000,0x000000a155800000]
Native frames: (J=compiled Java code, j=interpreted, Vv=VM code, C=native code)
V  [jvm.dll+0x62b5da]
V  [jvm.dll+0x7653df]
V  [jvm.dll+0x766a89]
V  [jvm.dll+0x767113]
V  [jvm.dll+0x23dd28]
V  [jvm.dll+0xb2c7b]
V  [jvm.dll+0xb2fdc]
V  [jvm.dll+0x6f5f1b]
V  [jvm.dll+0x6f6089]
V  [jvm.dll+0x502be2]
V  [jvm.dll+0x5e2d39]
V  [jvm.dll+0x20b90f]
V  [jvm.dll+0x20be87]
V  [jvm.dll+0x76527d]
V  [jvm.dll+0x766a89]
V  [jvm.dll+0x767113]
V  [jvm.dll+0x23dd28]
V  [jvm.dll+0xb2c7b]
V  [jvm.dll+0xb2fdc]
V  [jvm.dll+0x1a24b5]
V  [jvm.dll+0x1a1f18]
V  [jvm.dll+0x1a0a15]
V  [jvm.dll+0x3277a9]
V  [jvm.dll+0x2adef1]
V  [jvm.dll+0x647d08]
V  [jvm.dll+0x63fabf]
V  [jvm.dll+0x63f14b]
V  [jvm.dll+0x63d005]
V  [jvm.dll+0x17a5ac]
V  [jvm.dll+0x2adb06]
V  [jvm.dll+0x647d08]
V  [jvm.dll+0x63fabf]
V  [jvm.dll+0x63f14b]
V  [jvm.dll+0x63d005]
V  [jvm.dll+0x17a5ac]
V  [jvm.dll+0x17b139]
V  [jvm.dll+0x17b07e]
V  [jvm.dll+0x2adb06]
V  [jvm.dll+0x647d08]
V  [jvm.dll+0x63fabf]
V  [jvm.dll+0x63f14b]
V  [jvm.dll+0x63d005]
V  [jvm.dll+0x17a5ac]
V  [jvm.dll+0x17b139]
V  [jvm.dll+0x2adb06]
V  [jvm.dll+0x647d08]
V  [jvm.dll+0x63fabf]
V  [jvm.dll+0x63f14b]
V  [jvm.dll+0x63d005]
V  [jvm.dll+0x17a5ac]
V  [jvm.dll+0x1f7583]
V  [jvm.dll+0x177c91]
V  [jvm.dll+0x207296]
V  [jvm.dll+0x20542b]
V  [jvm.dll+0x72b2c0]
V  [jvm.dll+0x723e64]
V  [jvm.dll+0x62a485]
C  [ucrtbase.dll+0x21bb2]
C  [KERNEL32.DLL+0x17614]
C  [ntdll.dll+0x526a1]


---------------  P R O C E S S  ---------------

Threads class SMR info:
_java_thread_list=0x0000020c932ce590, length=22, elements={
0x0000020cf33e3800, 0x0000020cffb72000, 0x0000020cffb73800, 0x0000020cffb8e000,
0x0000020cffbd6800, 0x0000020cffbd8800, 0x0000020cffbdb800, 0x0000020cffbdc800,
0x0000020c91863800, 0x0000020c91965000, 0x0000020c9252d000, 0x0000020c9344c800,
0x0000020c92b3b800, 0x0000020c934ee800, 0x0000020c9350a800, 0x0000020c9350b000,
0x0000020c9311c800, 0x0000020c92725000, 0x0000020c92726000, 0x0000020c9207a000,
0x0000020c9207d000, 0x0000020c92078000
}

Java Threads: ( => current thread )
  0x0000020cf33e3800 JavaThread "main" [_thread_blocked, id=60088, stack(0x000000a154a00000,0x000000a154b00000)]
  0x0000020cffb72000 JavaThread "Reference Handler" daemon [_thread_blocked, id=65100, stack(0x000000a155200000,0x000000a155300000)]
  0x0000020cffb73800 JavaThread "Finalizer" daemon [_thread_blocked, id=60812, stack(0x000000a155300000,0x000000a155400000)]
  0x0000020cffb8e000 JavaThread "Signal Dispatcher" daemon [_thread_blocked, id=59556, stack(0x000000a155400000,0x000000a155500000)]
  0x0000020cffbd6800 JavaThread "Attach Listener" daemon [_thread_blocked, id=68668, stack(0x000000a155500000,0x000000a155600000)]
  0x0000020cffbd8800 JavaThread "Service Thread" daemon [_thread_blocked, id=70376, stack(0x000000a155600000,0x000000a155700000)]
=>0x0000020cffbdb800 JavaThread "C2 CompilerThread0" daemon [_thread_in_native, id=63168, stack(0x000000a155700000,0x000000a155800000)]
  0x0000020cffbdc800 JavaThread "C1 CompilerThread0" daemon [_thread_blocked, id=60448, stack(0x000000a155800000,0x000000a155900000)]
  0x0000020c91863800 JavaThread "Sweeper thread" daemon [_thread_blocked, id=74772, stack(0x000000a155900000,0x000000a155a00000)]
  0x0000020c91965000 JavaThread "Common-Cleaner" daemon [_thread_blocked, id=74828, stack(0x000000a155a00000,0x000000a155b00000)]
  0x0000020c9252d000 JavaThread "Daemon health stats" [_thread_blocked, id=64740, stack(0x000000a155e00000,0x000000a155f00000)]
  0x0000020c9344c800 JavaThread "Incoming local TCP Connector on port 60720" [_thread_in_native, id=67456, stack(0x000000a155f00000,0x000000a156000000)]
  0x0000020c92b3b800 JavaThread "Daemon periodic checks" [_thread_blocked, id=73168, stack(0x000000a156000000,0x000000a156100000)]
  0x0000020c934ee800 JavaThread "Daemon" [_thread_blocked, id=7508, stack(0x000000a156100000,0x000000a156200000)]
  0x0000020c9350a800 JavaThread "Handler for socket connection from /127.0.0.1:60720 to /127.0.0.1:60722" [_thread_in_native, id=72016, stack(0x000000a156200000,0x000000a156300000)]
  0x0000020c9350b000 JavaThread "Cancel handler" [_thread_blocked, id=64316, stack(0x000000a156300000,0x000000a156400000)]
  0x0000020c9311c800 JavaThread "Daemon worker" [_thread_in_Java, id=68360, stack(0x000000a156400000,0x000000a156500000)]
  0x0000020c92725000 JavaThread "Asynchronous log dispatcher for DefaultDaemonConnection: socket connection from /127.0.0.1:60720 to /127.0.0.1:60722" [_thread_blocked, id=71208, stack(0x000000a156500000,0x000000a156600000)]
  0x0000020c92726000 JavaThread "Stdin handler" [_thread_blocked, id=69732, stack(0x000000a156600000,0x000000a156700000)]
  0x0000020c9207a000 JavaThread "Daemon client event forwarder" [_thread_blocked, id=67488, stack(0x000000a156700000,0x000000a156800000)]
  0x0000020c9207d000 JavaThread "Cache worker for journal cache (C:\Users\Hp\.gradle\caches\journal-1)" [_thread_blocked, id=74344, stack(0x000000a156900000,0x000000a156a00000)]
  0x0000020c92078000 JavaThread "File lock request listener" [_thread_in_native, id=64644, stack(0x000000a156b00000,0x000000a156c00000)]

Other Threads:
  0x0000020cffb6c000 VMThread "VM Thread" [stack: 0x000000a155100000,0x000000a155200000] [id=65680]
  0x0000020c919b0000 WatcherThread [stack: 0x000000a155b00000,0x000000a155c00000] [id=74868]
  0x0000020cf33f9000 GCTaskThread "GC Thread#0" [stack: 0x000000a154c00000,0x000000a154d00000] [id=42312]
  0x0000020c920c7800 GCTaskThread "GC Thread#1" [stack: 0x000000a155c00000,0x000000a155d00000] [id=45708]
  0x0000020c91b75800 GCTaskThread "GC Thread#2" [stack: 0x000000a155d00000,0x000000a155e00000] [id=62452]
  0x0000020c9258f800 GCTaskThread "GC Thread#3" [stack: 0x000000a156800000,0x000000a156900000] [id=73224]
  0x0000020cf3428800 ConcurrentGCThread "G1 Main Marker" [stack: 0x000000a154d00000,0x000000a154e00000] [id=72656]
  0x0000020cf342d000 ConcurrentGCThread "G1 Conc#0" [stack: 0x000000a154e00000,0x000000a154f00000] [id=59256]
  0x0000020cf34b9000 ConcurrentGCThread "G1 Refine#0" [stack: 0x000000a154f00000,0x000000a155000000] [id=68636]
  0x0000020cf34ba000 ConcurrentGCThread "G1 Young RemSet Sampling" [stack: 0x000000a155000000,0x000000a155100000] [id=70252]

Threads with active compile tasks:
C2 CompilerThread0    88442 2210   !   4       java.lang.ClassLoader::loadClass (122 bytes)

VM state:not at safepoint (normal execution)

VM Mutex/Monitor currently owned by a thread: None

Heap address: 0x0000000080000000, size: 2048 MB, Compressed Oops mode: 32-bit
Narrow klass base: 0x0000000000000000, Narrow klass shift: 3
Compressed class space size: 528482304 Address: 0x0000000100000000

Heap:
 garbage-first heap   total 131072K, used 25626K [0x0000000080000000, 0x0000000100000000)
  region size 1024K, 12 young (12288K), 4 survivors (4096K)
 Metaspace       used 21503K, capacity 21946K, committed 22320K, reserved 536576K
  class space    used 2642K, capacity 2820K, committed 2944K, reserved 516096K
Heap Regions: E=young(eden), S=young(survivor), O=old, HS=humongous(starts), HC=humongous(continues), CS=collection set, F=free, A=archive, TAMS=top-at-mark-start (previous, next)
|   0|0x0000000080000000, 0x0000000080100000, 0x0000000080100000|100%| O|  |TAMS 0x0000000080100000, 0x0000000080000000| Untracked 
|   1|0x0000000080100000, 0x0000000080200000, 0x0000000080200000|100%| O|  |TAMS 0x0000000080200000, 0x0000000080100000| Untracked 
|   2|0x0000000080200000, 0x0000000080300000, 0x0000000080300000|100%| O|  |TAMS 0x0000000080300000, 0x0000000080200000| Untracked 
|   3|0x0000000080300000, 0x0000000080400000, 0x0000000080400000|100%|HS|  |TAMS 0x0000000080400000, 0x0000000080300000| Complete 
|   4|0x0000000080400000, 0x0000000080500000, 0x0000000080500000|100%|HC|  |TAMS 0x0000000080500000, 0x0000000080400000| Complete 
|   5|0x0000000080500000, 0x0000000080600000, 0x0000000080600000|100%|HC|  |TAMS 0x0000000080600000, 0x0000000080500000| Complete 
|   6|0x0000000080600000, 0x0000000080700000, 0x0000000080700000|100%|HC|  |TAMS 0x0000000080700000, 0x0000000080600000| Complete 
|   7|0x0000000080700000, 0x0000000080800000, 0x0000000080800000|100%| O|  |TAMS 0x0000000080800000, 0x0000000080700000| Untracked 
|   8|0x0000000080800000, 0x0000000080900000, 0x0000000080900000|100%| O|  |TAMS 0x0000000080900000, 0x0000000080800000| Untracked 
|   9|0x0000000080900000, 0x0000000080a00000, 0x0000000080a00000|100%| O|  |TAMS 0x0000000080a00000, 0x0000000080900000| Untracked 
|  10|0x0000000080a00000, 0x0000000080b00000, 0x0000000080b00000|100%| O|  |TAMS 0x0000000080b00000, 0x0000000080a00000| Untracked 
|  11|0x0000000080b00000, 0x0000000080c00000, 0x0000000080c00000|100%| O|  |TAMS 0x0000000080c00000, 0x0000000080b00000| Untracked 
|  12|0x0000000080c00000, 0x0000000080d00000, 0x0000000080d00000|100%| O|  |TAMS 0x0000000080d00000, 0x0000000080c00000| Untracked 
|  13|0x0000000080d00000, 0x0000000080e00000, 0x0000000080e00000|100%| O|  |TAMS 0x0000000080e00000, 0x0000000080d00000| Untracked 
|  14|0x0000000080e00000, 0x0000000080e0b200, 0x0000000080f00000|  4%| O|  |TAMS 0x0000000080e0b200, 0x0000000080e00000| Untracked 
|  15|0x0000000080f00000, 0x0000000080f00000, 0x0000000081000000|  0%| F|  |TAMS 0x0000000080f00000, 0x0000000080f00000| Untracked 
|  16|0x0000000081000000, 0x0000000081000000, 0x0000000081100000|  0%| F|  |TAMS 0x0000000081000000, 0x0000000081000000| Untracked 
|  17|0x0000000081100000, 0x0000000081100000, 0x0000000081200000|  0%| F|  |TAMS 0x0000000081100000, 0x0000000081100000| Untracked 
|  18|0x0000000081200000, 0x0000000081200000, 0x0000000081300000|  0%| F|  |TAMS 0x0000000081200000, 0x0000000081200000| Untracked 
|  19|0x0000000081300000, 0x0000000081300000, 0x0000000081400000|  0%| F|  |TAMS 0x0000000081300000, 0x0000000081300000| Untracked 
|  20|0x0000000081400000, 0x0000000081400000, 0x0000000081500000|  0%| F|  |TAMS 0x0000000081400000, 0x0000000081400000| Untracked 
|  21|0x0000000081500000, 0x0000000081500000, 0x0000000081600000|  0%| F|  |TAMS 0x0000000081500000, 0x0000000081500000| Untracked 
|  22|0x0000000081600000, 0x0000000081600000, 0x0000000081700000|  0%| F|  |TAMS 0x0000000081600000, 0x0000000081600000| Untracked 
|  23|0x0000000081700000, 0x0000000081700000, 0x0000000081800000|  0%| F|  |TAMS 0x0000000081700000, 0x0000000081700000| Untracked 
|  24|0x0000000081800000, 0x0000000081800000, 0x0000000081900000|  0%| F|  |TAMS 0x0000000081800000, 0x0000000081800000| Untracked 
|  25|0x0000000081900000, 0x0000000081900000, 0x0000000081a00000|  0%| F|  |TAMS 0x0000000081900000, 0x0000000081900000| Untracked 
|  26|0x0000000081a00000, 0x0000000081a00000, 0x0000000081b00000|  0%| F|  |TAMS 0x0000000081a00000, 0x0000000081a00000| Untracked 
|  27|0x0000000081b00000, 0x0000000081b00000, 0x0000000081c00000|  0%| F|  |TAMS 0x0000000081b00000, 0x0000000081b00000| Untracked 
|  28|0x0000000081c00000, 0x0000000081c00000, 0x0000000081d00000|  0%| F|  |TAMS 0x0000000081c00000, 0x0000000081c00000| Untracked 
|  29|0x0000000081d00000, 0x0000000081d00000, 0x0000000081e00000|  0%| F|  |TAMS 0x0000000081d00000, 0x0000000081d00000| Untracked 
|  30|0x0000000081e00000, 0x0000000081e00000, 0x0000000081f00000|  0%| F|  |TAMS 0x0000000081e00000, 0x0000000081e00000| Untracked 
|  31|0x0000000081f00000, 0x0000000081f00000, 0x0000000082000000|  0%| F|  |TAMS 0x0000000081f00000, 0x0000000081f00000| Untracked 
|  32|0x0000000082000000, 0x0000000082000000, 0x0000000082100000|  0%| F|  |TAMS 0x0000000082000000, 0x0000000082000000| Untracked 
|  33|0x0000000082100000, 0x0000000082100000, 0x0000000082200000|  0%| F|  |TAMS 0x0000000082100000, 0x0000000082100000| Untracked 
|  34|0x0000000082200000, 0x0000000082200000, 0x0000000082300000|  0%| F|  |TAMS 0x0000000082200000, 0x0000000082200000| Untracked 
|  35|0x0000000082300000, 0x0000000082300000, 0x0000000082400000|  0%| F|  |TAMS 0x0000000082300000, 0x0000000082300000| Untracked 
|  36|0x0000000082400000, 0x0000000082400000, 0x0000000082500000|  0%| F|  |TAMS 0x0000000082400000, 0x0000000082400000| Untracked 
|  37|0x0000000082500000, 0x0000000082500000, 0x0000000082600000|  0%| F|  |TAMS 0x0000000082500000, 0x0000000082500000| Untracked 
|  38|0x0000000082600000, 0x0000000082600000, 0x0000000082700000|  0%| F|  |TAMS 0x0000000082600000, 0x0000000082600000| Untracked 
|  39|0x0000000082700000, 0x0000000082700000, 0x0000000082800000|  0%| F|  |TAMS 0x0000000082700000, 0x0000000082700000| Untracked 
|  40|0x0000000082800000, 0x0000000082800000, 0x0000000082900000|  0%| F|  |TAMS 0x0000000082800000, 0x0000000082800000| Untracked 
|  41|0x0000000082900000, 0x0000000082900000, 0x0000000082a00000|  0%| F|  |TAMS 0x0000000082900000, 0x0000000082900000| Untracked 
|  42|0x0000000082a00000, 0x0000000082a00000, 0x0000000082b00000|  0%| F|  |TAMS 0x0000000082a00000, 0x0000000082a00000| Untracked 
|  43|0x0000000082b00000, 0x0000000082b00000, 0x0000000082c00000|  0%| F|  |TAMS 0x0000000082b00000, 0x0000000082b00000| Untracked 
|  44|0x0000000082c00000, 0x0000000082c00000, 0x0000000082d00000|  0%| F|  |TAMS 0x0000000082c00000, 0x0000000082c00000| Untracked 
|  45|0x0000000082d00000, 0x0000000082d00000, 0x0000000082e00000|  0%| F|  |TAMS 0x0000000082d00000, 0x0000000082d00000| Untracked 
|  46|0x0000000082e00000, 0x0000000082e00000, 0x0000000082f00000|  0%| F|  |TAMS 0x0000000082e00000, 0x0000000082e00000| Untracked 
|  47|0x0000000082f00000, 0x0000000082f00000, 0x0000000083000000|  0%| F|  |TAMS 0x0000000082f00000, 0x0000000082f00000| Untracked 
|  48|0x0000000083000000, 0x0000000083000000, 0x0000000083100000|  0%| F|  |TAMS 0x0000000083000000, 0x0000000083000000| Untracked 
|  49|0x0000000083100000, 0x0000000083100000, 0x0000000083200000|  0%| F|  |TAMS 0x0000000083100000, 0x0000000083100000| Untracked 
|  50|0x0000000083200000, 0x0000000083200000, 0x0000000083300000|  0%| F|  |TAMS 0x0000000083200000, 0x0000000083200000| Untracked 
|  51|0x0000000083300000, 0x0000000083300000, 0x0000000083400000|  0%| F|  |TAMS 0x0000000083300000, 0x0000000083300000| Untracked 
|  52|0x0000000083400000, 0x0000000083400000, 0x0000000083500000|  0%| F|  |TAMS 0x0000000083400000, 0x0000000083400000| Untracked 
|  53|0x0000000083500000, 0x0000000083500000, 0x0000000083600000|  0%| F|  |TAMS 0x0000000083500000, 0x0000000083500000| Untracked 
|  54|0x0000000083600000, 0x0000000083600000, 0x0000000083700000|  0%| F|  |TAMS 0x0000000083600000, 0x0000000083600000| Untracked 
|  55|0x0000000083700000, 0x0000000083700000, 0x0000000083800000|  0%| F|  |TAMS 0x0000000083700000, 0x0000000083700000| Untracked 
|  56|0x0000000083800000, 0x0000000083800000, 0x0000000083900000|  0%| F|  |TAMS 0x0000000083800000, 0x0000000083800000| Untracked 
|  57|0x0000000083900000, 0x0000000083900000, 0x0000000083a00000|  0%| F|  |TAMS 0x0000000083900000, 0x0000000083900000| Untracked 
|  58|0x0000000083a00000, 0x0000000083a00000, 0x0000000083b00000|  0%| F|  |TAMS 0x0000000083a00000, 0x0000000083a00000| Untracked 
|  59|0x0000000083b00000, 0x0000000083b00000, 0x0000000083c00000|  0%| F|  |TAMS 0x0000000083b00000, 0x0000000083b00000| Untracked 
|  60|0x0000000083c00000, 0x0000000083c00000, 0x0000000083d00000|  0%| F|  |TAMS 0x0000000083c00000, 0x0000000083c00000| Untracked 
|  61|0x0000000083d00000, 0x0000000083d00000, 0x0000000083e00000|  0%| F|  |TAMS 0x0000000083d00000, 0x0000000083d00000| Untracked 
|  62|0x0000000083e00000, 0x0000000083e00000, 0x0000000083f00000|  0%| F|  |TAMS 0x0000000083e00000, 0x0000000083e00000| Untracked 
|  63|0x0000000083f00000, 0x0000000083f00000, 0x0000000084000000|  0%| F|  |TAMS 0x0000000083f00000, 0x0000000083f00000| Untracked 
|  64|0x0000000084000000, 0x0000000084000000, 0x0000000084100000|  0%| F|  |TAMS 0x0000000084000000, 0x0000000084000000| Untracked 
|  65|0x0000000084100000, 0x0000000084100000, 0x0000000084200000|  0%| F|  |TAMS 0x0000000084100000, 0x0000000084100000| Untracked 
|  66|0x0000000084200000, 0x0000000084200000, 0x0000000084300000|  0%| F|  |TAMS 0x0000000084200000, 0x0000000084200000| Untracked 
|  67|0x0000000084300000, 0x0000000084300000, 0x0000000084400000|  0%| F|  |TAMS 0x0000000084300000, 0x0000000084300000| Untracked 
|  68|0x0000000084400000, 0x0000000084400000, 0x0000000084500000|  0%| F|  |TAMS 0x0000000084400000, 0x0000000084400000| Untracked 
|  69|0x0000000084500000, 0x0000000084500000, 0x0000000084600000|  0%| F|  |TAMS 0x0000000084500000, 0x0000000084500000| Untracked 
|  70|0x0000000084600000, 0x0000000084600000, 0x0000000084700000|  0%| F|  |TAMS 0x0000000084600000, 0x0000000084600000| Untracked 
|  71|0x0000000084700000, 0x0000000084700000, 0x0000000084800000|  0%| F|  |TAMS 0x0000000084700000, 0x0000000084700000| Untracked 
|  72|0x0000000084800000, 0x0000000084800000, 0x0000000084900000|  0%| F|  |TAMS 0x0000000084800000, 0x0000000084800000| Untracked 
|  73|0x0000000084900000, 0x0000000084900000, 0x0000000084a00000|  0%| F|  |TAMS 0x0000000084900000, 0x0000000084900000| Untracked 
|  74|0x0000000084a00000, 0x0000000084a00000, 0x0000000084b00000|  0%| F|  |TAMS 0x0000000084a00000, 0x0000000084a00000| Untracked 
|  75|0x0000000084b00000, 0x0000000084b00000, 0x0000000084c00000|  0%| F|  |TAMS 0x0000000084b00000, 0x0000000084b00000| Untracked 
|  76|0x0000000084c00000, 0x0000000084c00000, 0x0000000084d00000|  0%| F|  |TAMS 0x0000000084c00000, 0x0000000084c00000| Untracked 
|  77|0x0000000084d00000, 0x0000000084d00000, 0x0000000084e00000|  0%| F|  |TAMS 0x0000000084d00000, 0x0000000084d00000| Untracked 
|  78|0x0000000084e00000, 0x0000000084e00000, 0x0000000084f00000|  0%| F|  |TAMS 0x0000000084e00000, 0x0000000084e00000| Untracked 
|  79|0x0000000084f00000, 0x0000000084f00000, 0x0000000085000000|  0%| F|  |TAMS 0x0000000084f00000, 0x0000000084f00000| Untracked 
|  80|0x0000000085000000, 0x0000000085000000, 0x0000000085100000|  0%| F|  |TAMS 0x0000000085000000, 0x0000000085000000| Untracked 
|  81|0x0000000085100000, 0x0000000085100000, 0x0000000085200000|  0%| F|  |TAMS 0x0000000085100000, 0x0000000085100000| Untracked 
|  82|0x0000000085200000, 0x0000000085200000, 0x0000000085300000|  0%| F|  |TAMS 0x0000000085200000, 0x0000000085200000| Untracked 
|  83|0x0000000085300000, 0x0000000085300000, 0x0000000085400000|  0%| F|  |TAMS 0x0000000085300000, 0x0000000085300000| Untracked 
|  84|0x0000000085400000, 0x0000000085400000, 0x0000000085500000|  0%| F|  |TAMS 0x0000000085400000, 0x0000000085400000| Untracked 
|  85|0x0000000085500000, 0x0000000085500000, 0x0000000085600000|  0%| F|  |TAMS 0x0000000085500000, 0x0000000085500000| Untracked 
|  86|0x0000000085600000, 0x0000000085600000, 0x0000000085700000|  0%| F|  |TAMS 0x0000000085600000, 0x0000000085600000| Untracked 
|  87|0x0000000085700000, 0x0000000085700000, 0x0000000085800000|  0%| F|  |TAMS 0x0000000085700000, 0x0000000085700000| Untracked 
|  88|0x0000000085800000, 0x0000000085800000, 0x0000000085900000|  0%| F|  |TAMS 0x0000000085800000, 0x0000000085800000| Untracked 
|  89|0x0000000085900000, 0x0000000085900000, 0x0000000085a00000|  0%| F|  |TAMS 0x0000000085900000, 0x0000000085900000| Untracked 
|  90|0x0000000085a00000, 0x0000000085a00000, 0x0000000085b00000|  0%| F|  |TAMS 0x0000000085a00000, 0x0000000085a00000| Untracked 
|  91|0x0000000085b00000, 0x0000000085b00000, 0x0000000085c00000|  0%| F|  |TAMS 0x0000000085b00000, 0x0000000085b00000| Untracked 
|  92|0x0000000085c00000, 0x0000000085c00000, 0x0000000085d00000|  0%| F|  |TAMS 0x0000000085c00000, 0x0000000085c00000| Untracked 
|  93|0x0000000085d00000, 0x0000000085d00000, 0x0000000085e00000|  0%| F|  |TAMS 0x0000000085d00000, 0x0000000085d00000| Untracked 
|  94|0x0000000085e00000, 0x0000000085e00000, 0x0000000085f00000|  0%| F|  |TAMS 0x0000000085e00000, 0x0000000085e00000| Untracked 
|  95|0x0000000085f00000, 0x0000000085f00000, 0x0000000086000000|  0%| F|  |TAMS 0x0000000085f00000, 0x0000000085f00000| Untracked 
|  96|0x0000000086000000, 0x0000000086000000, 0x0000000086100000|  0%| F|  |TAMS 0x0000000086000000, 0x0000000086000000| Untracked 
|  97|0x0000000086100000, 0x0000000086100000, 0x0000000086200000|  0%| F|  |TAMS 0x0000000086100000, 0x0000000086100000| Untracked 
|  98|0x0000000086200000, 0x0000000086200000, 0x0000000086300000|  0%| F|  |TAMS 0x0000000086200000, 0x0000000086200000| Untracked 
|  99|0x0000000086300000, 0x0000000086300000, 0x0000000086400000|  0%| F|  |TAMS 0x0000000086300000, 0x0000000086300000| Untracked 
| 100|0x0000000086400000, 0x0000000086400000, 0x0000000086500000|  0%| F|  |TAMS 0x0000000086400000, 0x0000000086400000| Untracked 
| 101|0x0000000086500000, 0x0000000086500000, 0x0000000086600000|  0%| F|  |TAMS 0x0000000086500000, 0x0000000086500000| Untracked 
| 102|0x0000000086600000, 0x0000000086600000, 0x0000000086700000|  0%| F|  |TAMS 0x0000000086600000, 0x0000000086600000| Untracked 
| 103|0x0000000086700000, 0x0000000086700000, 0x0000000086800000|  0%| F|  |TAMS 0x0000000086700000, 0x0000000086700000| Untracked 
| 104|0x0000000086800000, 0x0000000086800000, 0x0000000086900000|  0%| F|  |TAMS 0x0000000086800000, 0x0000000086800000| Untracked 
| 105|0x0000000086900000, 0x00000000869fb858, 0x0000000086a00000| 98%| S|CS|TAMS 0x0000000086900000, 0x0000000086900000| Complete 
| 106|0x0000000086a00000, 0x0000000086b00000, 0x0000000086b00000|100%| S|CS|TAMS 0x0000000086a00000, 0x0000000086a00000| Complete 
| 107|0x0000000086b00000, 0x0000000086c00000, 0x0000000086c00000|100%| S|CS|TAMS 0x0000000086b00000, 0x0000000086b00000| Complete 
| 108|0x0000000086c00000, 0x0000000086d00000, 0x0000000086d00000|100%| S|CS|TAMS 0x0000000086c00000, 0x0000000086c00000| Complete 
| 109|0x0000000086d00000, 0x0000000086d00000, 0x0000000086e00000|  0%| F|  |TAMS 0x0000000086d00000, 0x0000000086d00000| Untracked 
| 110|0x0000000086e00000, 0x0000000086e00000, 0x0000000086f00000|  0%| F|  |TAMS 0x0000000086e00000, 0x0000000086e00000| Untracked 
| 111|0x0000000086f00000, 0x0000000086f00000, 0x0000000087000000|  0%| F|  |TAMS 0x0000000086f00000, 0x0000000086f00000| Untracked 
| 112|0x0000000087000000, 0x0000000087000000, 0x0000000087100000|  0%| F|  |TAMS 0x0000000087000000, 0x0000000087000000| Untracked 
| 113|0x0000000087100000, 0x0000000087100000, 0x0000000087200000|  0%| F|  |TAMS 0x0000000087100000, 0x0000000087100000| Untracked 
| 114|0x0000000087200000, 0x0000000087200000, 0x0000000087300000|  0%| F|  |TAMS 0x0000000087200000, 0x0000000087200000| Untracked 
| 115|0x0000000087300000, 0x0000000087300000, 0x0000000087400000|  0%| F|  |TAMS 0x0000000087300000, 0x0000000087300000| Untracked 
| 116|0x0000000087400000, 0x0000000087400000, 0x0000000087500000|  0%| F|  |TAMS 0x0000000087400000, 0x0000000087400000| Untracked 
| 117|0x0000000087500000, 0x0000000087500000, 0x0000000087600000|  0%| F|  |TAMS 0x0000000087500000, 0x0000000087500000| Untracked 
| 118|0x0000000087600000, 0x0000000087600000, 0x0000000087700000|  0%| F|  |TAMS 0x0000000087600000, 0x0000000087600000| Untracked 
| 119|0x0000000087700000, 0x0000000087700000, 0x0000000087800000|  0%| F|  |TAMS 0x0000000087700000, 0x0000000087700000| Untracked 
| 120|0x0000000087800000, 0x00000000878658c8, 0x0000000087900000| 39%| E|  |TAMS 0x0000000087800000, 0x0000000087800000| Complete 
| 121|0x0000000087900000, 0x0000000087a00000, 0x0000000087a00000|100%| E|CS|TAMS 0x0000000087900000, 0x0000000087900000| Complete 
| 122|0x0000000087a00000, 0x0000000087b00000, 0x0000000087b00000|100%| E|CS|TAMS 0x0000000087a00000, 0x0000000087a00000| Complete 
| 123|0x0000000087b00000, 0x0000000087c00000, 0x0000000087c00000|100%| E|CS|TAMS 0x0000000087b00000, 0x0000000087b00000| Complete 
| 124|0x0000000087c00000, 0x0000000087d00000, 0x0000000087d00000|100%| E|CS|TAMS 0x0000000087c00000, 0x0000000087c00000| Complete 
| 125|0x0000000087d00000, 0x0000000087e00000, 0x0000000087e00000|100%| E|CS|TAMS 0x0000000087d00000, 0x0000000087d00000| Complete 
| 126|0x0000000087e00000, 0x0000000087f00000, 0x0000000087f00000|100%| E|CS|TAMS 0x0000000087e00000, 0x0000000087e00000| Complete 
| 127|0x0000000087f00000, 0x0000000088000000, 0x0000000088000000|100%| E|CS|TAMS 0x0000000087f00000, 0x0000000087f00000| Complete 

Card table byte_map: [0x0000020cfaeb0000,0x0000020cfb2b0000] _byte_map_base: 0x0000020cfaab0000

Marking Bits (Prev, Next): (CMBitMap*) 0x0000020cf341fc40, (CMBitMap*) 0x0000020cf341fc08
 Prev Bits: [0x0000020cfd6b0000, 0x0000020cff6b0000)
 Next Bits: [0x0000020cfb6b0000, 0x0000020cfd6b0000)

Polling page: 0x0000020cf1220000

Metaspace:

Usage:
  Non-class:     18.68 MB capacity,    18.42 MB ( 99%) used,   222.37 KB (  1%) free+waste,    42.44 KB ( <1%) overhead. 
      Class:      2.75 MB capacity,     2.58 MB ( 94%) used,   156.55 KB (  6%) free+waste,    21.44 KB ( <1%) overhead. 
       Both:     21.43 MB capacity,    21.00 MB ( 98%) used,   378.92 KB (  2%) free+waste,    63.88 KB ( <1%) overhead. 

Virtual space:
  Non-class space:       20.00 MB reserved,      18.92 MB ( 95%) committed 
      Class space:      504.00 MB reserved,       2.88 MB ( <1%) committed 
             Both:      524.00 MB reserved,      21.80 MB (  4%) committed 

Chunk freelists:
   Non-Class:  1.25 KB
       Class:  3.50 KB
        Both:  4.75 KB

CodeHeap 'non-profiled nmethods': size=120064Kb used=972Kb max_used=972Kb free=119091Kb
 bounds [0x0000020c87ac0000, 0x0000020c87d30000, 0x0000020c8f000000]
CodeHeap 'profiled nmethods': size=120000Kb used=4671Kb max_used=4671Kb free=115329Kb
 bounds [0x0000020c80590000, 0x0000020c80a20000, 0x0000020c87ac0000]
CodeHeap 'non-nmethods': size=5696Kb used=1154Kb max_used=1169Kb free=4541Kb
 bounds [0x0000020c80000000, 0x0000020c80270000, 0x0000020c80590000]
 total_blobs=2701 nmethods=2207 adapters=405
 compilation: enabled
              stopped_count=0, restarted_count=0
 full_count=0

Compilation events (10 events):
Event: 88.048 Thread 0x0000020cffbdc800 nmethod 2205 0x0000020c80a1e310 code [0x0000020c80a1e4c0, 0x0000020c80a1e608]
Event: 88.049 Thread 0x0000020cffbdc800 2206       3       java.lang.String::substring (68 bytes)
Event: 88.050 Thread 0x0000020cffbdc800 nmethod 2206 0x0000020c80a1e710 code [0x0000020c80a1e940, 0x0000020c80a1f078]
Event: 88.315 Thread 0x0000020cffbdc800 2207       3       sun.reflect.generics.parser.SignatureParser::parseFieldTypeSignature (73 bytes)
Event: 88.316 Thread 0x0000020cffbdc800 nmethod 2207 0x0000020c80a1f310 code [0x0000020c80a1f540, 0x0000020c80a1f9f8]
Event: 88.318 Thread 0x0000020cffbdc800 2208       1       sun.reflect.generics.repository.AbstractRepository::getFactory (5 bytes)
Event: 88.318 Thread 0x0000020cffbdc800 nmethod 2208 0x0000020c87bb2a90 code [0x0000020c87bb2c20, 0x0000020c87bb2cd8]
Event: 88.318 Thread 0x0000020cffbdc800 2209       1       jdk.internal.reflect.DelegatingMethodAccessorImpl::setDelegate (6 bytes)
Event: 88.318 Thread 0x0000020cffbdc800 nmethod 2209 0x0000020c87bb2d90 code [0x0000020c87bb2f20, 0x0000020c87bb3018]
Event: 88.342 Thread 0x0000020cffbdb800 2210   !   4       java.lang.ClassLoader::loadClass (122 bytes)

GC Heap History (10 events):
Event: 26.703 GC heap before
{Heap before GC invocations=0 (full 0):
 garbage-first heap   total 131072K, used 13312K [0x0000000080000000, 0x0000000100000000)
  region size 1024K, 14 young (14336K), 0 survivors (0K)
 Metaspace       used 6675K, capacity 6856K, committed 7168K, reserved 524288K
  class space    used 576K, capacity 650K, committed 768K, reserved 516096K
}
Event: 27.645 GC heap after
{Heap after GC invocations=1 (full 0):
 garbage-first heap   total 131072K, used 4405K [0x0000000080000000, 0x0000000100000000)
  region size 1024K, 2 young (2048K), 2 survivors (2048K)
 Metaspace       used 6675K, capacity 6856K, committed 7168K, reserved 524288K
  class space    used 576K, capacity 650K, committed 768K, reserved 516096K
}
Event: 32.516 GC heap before
{Heap before GC invocations=1 (full 0):
 garbage-first heap   total 131072K, used 20789K [0x0000000080000000, 0x0000000100000000)
  region size 1024K, 14 young (14336K), 2 survivors (2048K)
 Metaspace       used 9817K, capacity 10049K, committed 10112K, reserved 526336K
  class space    used 1017K, capacity 1102K, committed 1152K, reserved 516096K
}
Event: 32.521 GC heap after
{Heap after GC invocations=2 (full 0):
 garbage-first heap   total 131072K, used 10711K [0x0000000080000000, 0x0000000100000000)
  region size 1024K, 2 young (2048K), 2 survivors (2048K)
 Metaspace       used 9817K, capacity 10049K, committed 10112K, reserved 526336K
  class space    used 1017K, capacity 1102K, committed 1152K, reserved 516096K
}
Event: 49.822 GC heap before
{Heap before GC invocations=2 (full 0):
 garbage-first heap   total 131072K, used 40407K [0x0000000080000000, 0x0000000100000000)
  region size 1024K, 31 young (31744K), 2 survivors (2048K)
 Metaspace       used 10823K, capacity 11065K, committed 11264K, reserved 526336K
  class space    used 1119K, capacity 1206K, committed 1280K, reserved 516096K
}
Event: 49.828 GC heap after
{Heap after GC invocations=3 (full 0):
 garbage-first heap   total 131072K, used 14756K [0x0000000080000000, 0x0000000100000000)
  region size 1024K, 4 young (4096K), 4 survivors (4096K)
 Metaspace       used 10823K, capacity 11065K, committed 11264K, reserved 526336K
  class space    used 1119K, capacity 1206K, committed 1280K, reserved 516096K
}
Event: 83.316 GC heap before
{Heap before GC invocations=3 (full 0):
 garbage-first heap   total 131072K, used 57764K [0x0000000080000000, 0x0000000100000000)
  region size 1024K, 46 young (47104K), 4 survivors (4096K)
 Metaspace       used 18654K, capacity 18981K, committed 19328K, reserved 534528K
  class space    used 2185K, capacity 2314K, committed 2432K, reserved 516096K
}
Event: 83.462 GC heap after
{Heap after GC invocations=4 (full 0):
 garbage-first heap   total 131072K, used 17771K [0x0000000080000000, 0x0000000100000000)
  region size 1024K, 6 young (6144K), 6 survivors (6144K)
 Metaspace       used 18654K, capacity 18981K, committed 19328K, reserved 534528K
  class space    used 2185K, capacity 2314K, committed 2432K, reserved 516096K
}
Event: 87.436 GC heap before
{Heap before GC invocations=4 (full 0):
 garbage-first heap   total 131072K, used 36203K [0x0000000080000000, 0x0000000100000000)
  region size 1024K, 25 young (25600K), 6 survivors (6144K)
 Metaspace       used 20790K, capacity 21221K, committed 21296K, reserved 536576K
  class space    used 2512K, capacity 2685K, committed 2688K, reserved 516096K
}
Event: 87.482 GC heap after
{Heap after GC invocations=5 (full 0):
 garbage-first heap   total 131072K, used 18458K [0x0000000080000000, 0x0000000100000000)
  region size 1024K, 4 young (4096K), 4 survivors (4096K)
 Metaspace       used 20790K, capacity 21221K, committed 21296K, reserved 536576K
  class space    used 2512K, capacity 2685K, committed 2688K, reserved 516096K
}

Deoptimization events (10 events):
Event: 85.378 Thread 0x0000020c9311c800 Uncommon trap: reason=class_check action=maybe_recompile pc=0x0000020c87ad7ac4 method=java.util.regex.Matcher.match(II)Z @ 121 c2
Event: 87.232 Thread 0x0000020c9311c800 Uncommon trap: reason=unstable_if action=reinterpret pc=0x0000020c87b29c64 method=java.util.regex.Matcher.reset()Ljava/util/regex/Matcher; @ 71 c2
Event: 87.232 Thread 0x0000020c9311c800 Uncommon trap: reason=unstable_if action=reinterpret pc=0x0000020c87ad7b30 method=java.util.regex.Matcher.match(II)Z @ 76 c2
Event: 87.236 Thread 0x0000020c9311c800 Uncommon trap: reason=unstable_if action=reinterpret pc=0x0000020c87b1f758 method=java.util.regex.Matcher.reset()Ljava/util/regex/Matcher; @ 71 c2
Event: 87.657 Thread 0x0000020c9311c800 Uncommon trap: reason=unstable_if action=reinterpret pc=0x0000020c87adab30 method=java.io.WinNTFileSystem.resolve(Ljava/lang/String;Ljava/lang/String;)Ljava/lang/String; @ 19 c2
Event: 87.658 Thread 0x0000020c9311c800 Uncommon trap: reason=bimorphic_or_optimized_type_check action=maybe_recompile pc=0x0000020c87b2d024 method=java.util.AbstractList$Itr.hasNext()Z @ 8 c2
Event: 87.658 Thread 0x0000020c9311c800 Uncommon trap: reason=bimorphic_or_optimized_type_check action=maybe_recompile pc=0x0000020c87b2d3b4 method=java.util.AbstractList$Itr.next()Ljava/lang/Object; @ 14 c2
Event: 87.661 Thread 0x0000020c9311c800 Uncommon trap: reason=unstable_if action=reinterpret pc=0x0000020c87b27e04 method=java.io.File.getName()Ljava/lang/String; @ 16 c2
Event: 87.661 Thread 0x0000020c9311c800 Uncommon trap: reason=unstable_if action=reinterpret pc=0x0000020c87b24194 method=java.lang.String.substring(I)Ljava/lang/String; @ 34 c2
Event: 88.040 Thread 0x0000020c9311c800 Uncommon trap: reason=intrinsic_or_type_checked_inlining action=make_not_entrant pc=0x0000020c87bb14d8 method=java.util.Arrays.copyOf([Ljava/lang/Object;ILjava/lang/Class;)[Ljava/lang/Object; @ 35 c2

Classes redefined (0 events):
No events

Internal exceptions (10 events):
Event: 83.891 Thread 0x0000020c9311c800 Exception <a 'java/lang/NoSuchMethodError'{0x0000000087cbf2e0}: java.lang.invoke.Invokers$Holder.linkToTargetMethod(Ljava/lang/Object;Ljava/lang/Object;ILjava/lang/Object;Ljava/lang/Object;Ljava/lang/Object;)Ljava/lang/Object;> (0x0000000087cbf2e0) thrown
Event: 84.317 Thread 0x0000020c9311c800 Exception <a 'java/lang/NoSuchMethodError'{0x0000000087938b88}: java.lang.invoke.DelegatingMethodHandle$Holder.reinvoke_L(Ljava/lang/Object;Ljava/lang/Object;Ljava/lang/Object;Ljava/lang/Object;Ljava/lang/Object;Ljava/lang/Object;Ljava/lang/Object;Ljava/l
Event: 84.319 Thread 0x0000020c9311c800 Exception <a 'java/lang/NoSuchMethodError'{0x0000000087941000}: java.lang.invoke.DirectMethodHandle$Holder.invokeSpecial(Ljava/lang/Object;Ljava/lang/Object;Ljava/lang/Object;Ljava/lang/Object;Ljava/lang/Object;Ljava/lang/Object;Ljava/lang/Object;Ljava/la
Event: 84.322 Thread 0x0000020c9311c800 Exception <a 'java/lang/NoSuchMethodError'{0x0000000087945770}: java.lang.invoke.Invokers$Holder.invoker(Ljava/lang/Object;Ljava/lang/Object;Ljava/lang/Object;Ljava/lang/Object;Ljava/lang/Object;Ljava/lang/Object;Ljava/lang/Object;Ljava/lang/Object;Ljava/
Event: 84.325 Thread 0x0000020c9311c800 Exception <a 'java/lang/NoSuchMethodError'{0x000000008794a888}: java.lang.invoke.DirectMethodHandle$Holder.invokeSpecial(Ljava/lang/Object;Ljava/lang/Object;Ljava/lang/Object;Ljava/lang/Object;Ljava/lang/Object;Ljava/lang/Object;Ljava/lang/Object;Ljava/la
Event: 84.511 Thread 0x0000020c9311c800 Exception <a 'java/lang/NoSuchMethodError'{0x00000000878a80a8}: java.lang.invoke.DirectMethodHandle$Holder.invokeSpecial(Ljava/lang/Object;Ljava/lang/Object;Ljava/lang/Object;Ljava/lang/Object;Ljava/lang/Object;Ljava/lang/Object;Ljava/lang/Object;Ljava/la
Event: 85.049 Thread 0x0000020c9311c800 Exception <a 'java/lang/NoSuchMethodError'{0x00000000871a9240}: java.lang.invoke.DirectMethodHandle$Holder.invokeStaticInit(Ljava/lang/Object;)V> (0x00000000871a9240) thrown at [./open/src/hotspot/share/interpreter/linkResolver.cpp, line 772]
Event: 85.414 Thread 0x0000020c9311c800 Exception <a 'java/lang/NoSuchMethodError'{0x000000008704c850}: java.lang.invoke.DirectMethodHandle$Holder.invokeStatic(Ljava/lang/Object;Ljava/lang/Object;Ljava/lang/Object;I)Ljava/lang/Object;> (0x000000008704c850) thrown at [./open/src/hotspot/share/in
Event: 85.414 Thread 0x0000020c9311c800 Exception <a 'java/lang/NoSuchMethodError'{0x0000000087050a18}: java.lang.invoke.DirectMethodHandle$Holder.invokeSpecial(Ljava/lang/Object;Ljava/lang/Object;Ljava/lang/Object;Ljava/lang/Object;I)Ljava/lang/Object;> (0x0000000087050a18) thrown at [./open/s
Event: 85.415 Thread 0x0000020c9311c800 Exception <a 'java/lang/NoSuchMethodError'{0x00000000870543f8}: java.lang.invoke.Invokers$Holder.linkToTargetMethod(Ljava/lang/Object;Ljava/lang/Object;ILjava/lang/Object;)Ljava/lang/Object;> (0x00000000870543f8) thrown at [./open/src/hotspot/share/interp

Events (10 events):
Event: 88.342 loading class org/gradle/internal/enterprise/impl/legacy/DefaultBuildScanClock
Event: 88.342 loading class org/gradle/internal/enterprise/impl/legacy/DefaultBuildScanClock done
Event: 88.343 loading class org/gradle/internal/scan/time/BuildScanClock
Event: 88.343 loading class org/gradle/internal/scan/time/BuildScanClock done
Event: 88.344 loading class org/gradle/internal/enterprise/impl/legacy/DefaultBuildScanBuildStartedTime
Event: 88.344 loading class org/gradle/internal/enterprise/impl/legacy/DefaultBuildScanBuildStartedTime done
Event: 88.345 loading class org/gradle/internal/scan/time/BuildScanBuildStartedTime
Event: 88.345 loading class org/gradle/internal/scan/time/BuildScanBuildStartedTime done
Event: 88.347 loading class org/gradle/internal/enterprise/impl/GradleEnterpriseAutoAppliedPluginRegistry
Event: 88.347 loading class org/gradle/internal/enterprise/impl/GradleEnterpriseAutoAppliedPluginRegistry done


Dynamic libraries:
0x00007ff635080000 - 0x00007ff63508f000 	C:\Program Files\Java\jdk-11.0.17\bin\java.exe
0x00007ff867b30000 - 0x00007ff867d28000 	C:\WINDOWS\SYSTEM32\ntdll.dll
0x00007ff8676e0000 - 0x00007ff86779f000 	C:\WINDOWS\System32\KERNEL32.DLL
0x00007ff8658a0000 - 0x00007ff865b72000 	C:\WINDOWS\System32\KERNELBASE.dll
0x00007ff865360000 - 0x00007ff865460000 	C:\WINDOWS\System32\ucrtbase.dll
0x00007ff8452c0000 - 0x00007ff8452d8000 	C:\Program Files\Java\jdk-11.0.17\bin\jli.dll
0x00007ff866be0000 - 0x00007ff866c8e000 	C:\WINDOWS\System32\ADVAPI32.dll
0x00007ff865d40000 - 0x00007ff865dde000 	C:\WINDOWS\System32\msvcrt.dll
0x00007ff865f60000 - 0x00007ff865ffc000 	C:\WINDOWS\System32\sechost.dll
0x00007ff867960000 - 0x00007ff867a84000 	C:\WINDOWS\System32\RPCRT4.dll
0x00007ff865b80000 - 0x00007ff865d21000 	C:\WINDOWS\System32\USER32.dll
0x00007ff865330000 - 0x00007ff865352000 	C:\WINDOWS\System32\win32u.dll
0x00007ff867880000 - 0x00007ff8678ab000 	C:\WINDOWS\System32\GDI32.dll
0x00007ff865790000 - 0x00007ff86589f000 	C:\WINDOWS\System32\gdi32full.dll
0x00007ff865540000 - 0x00007ff8655dd000 	C:\WINDOWS\System32\msvcp_win.dll
0x00007ff8452a0000 - 0x00007ff8452b5000 	C:\Program Files\Java\jdk-11.0.17\bin\VCRUNTIME140.dll
0x00007ff854b20000 - 0x00007ff854dba000 	C:\WINDOWS\WinSxS\amd64_microsoft.windows.common-controls_6595b64144ccf1df_6.0.19041.1110_none_60b5254171f9507e\COMCTL32.dll
0x00007ff855b80000 - 0x00007ff855b8a000 	C:\WINDOWS\SYSTEM32\VERSION.dll
0x00007ff867630000 - 0x00007ff867660000 	C:\WINDOWS\System32\IMM32.DLL
0x00007ff825690000 - 0x00007ff82572b000 	C:\Program Files\Java\jdk-11.0.17\bin\msvcp140.dll
0x00007fffb5150000 - 0x00007fffb5c6a000 	C:\Program Files\Java\jdk-11.0.17\bin\server\jvm.dll
0x00007ff865d30000 - 0x00007ff865d38000 	C:\WINDOWS\System32\PSAPI.DLL
0x00007ff848470000 - 0x00007ff848479000 	C:\WINDOWS\SYSTEM32\WSOCK32.dll
0x00007ff866b70000 - 0x00007ff866bdb000 	C:\WINDOWS\System32\WS2_32.dll
0x00007ff853460000 - 0x00007ff853487000 	C:\WINDOWS\SYSTEM32\WINMM.dll
0x00007ff8630f0000 - 0x00007ff863102000 	C:\WINDOWS\SYSTEM32\kernel.appcore.dll
0x00007ff85c9e0000 - 0x00007ff85c9f0000 	C:\Program Files\Java\jdk-11.0.17\bin\verify.dll
0x00007ff862920000 - 0x00007ff862b04000 	C:\WINDOWS\SYSTEM32\DBGHELP.DLL
0x00007ff84e540000 - 0x00007ff84e575000 	C:\WINDOWS\SYSTEM32\dbgcore.DLL
0x00007ff865230000 - 0x00007ff8652b2000 	C:\WINDOWS\System32\bcryptPrimitives.dll
0x00007ff845270000 - 0x00007ff845298000 	C:\Program Files\Java\jdk-11.0.17\bin\java.dll
0x00007ff858df0000 - 0x00007ff858dfa000 	C:\Program Files\Java\jdk-11.0.17\bin\jimage.dll
0x00007ff844950000 - 0x00007ff844966000 	C:\Program Files\Java\jdk-11.0.17\bin\zip.dll
0x00007ff866c90000 - 0x00007ff8673d5000 	C:\WINDOWS\System32\SHELL32.dll
0x00007ff8632f0000 - 0x00007ff863a82000 	C:\WINDOWS\SYSTEM32\windows.storage.dll
0x00007ff866780000 - 0x00007ff866ad5000 	C:\WINDOWS\System32\combase.dll
0x00007ff864c90000 - 0x00007ff864cc0000 	C:\WINDOWS\SYSTEM32\Wldp.dll
0x00007ff865de0000 - 0x00007ff865e8d000 	C:\WINDOWS\System32\SHCORE.dll
0x00007ff865f00000 - 0x00007ff865f55000 	C:\WINDOWS\System32\shlwapi.dll
0x00007ff865170000 - 0x00007ff86518f000 	C:\WINDOWS\SYSTEM32\profapi.dll
0x00007ff844070000 - 0x00007ff844089000 	C:\Program Files\Java\jdk-11.0.17\bin\net.dll
0x00007ff8577c0000 - 0x00007ff8578ca000 	C:\WINDOWS\SYSTEM32\WINHTTP.dll
0x00007ff8649f0000 - 0x00007ff864a5a000 	C:\WINDOWS\system32\mswsock.dll
0x00007ff844050000 - 0x00007ff844062000 	C:\Program Files\Java\jdk-11.0.17\bin\nio.dll
0x00007ff843100000 - 0x00007ff843127000 	C:\Users\Hp\.gradle\native\68d5fa5c4cc2d200863cafc0d521ce42e7d3e7ee720ec0a83991735586a16f82\windows-amd64\native-platform.dll
0x00007ff819cc0000 - 0x00007ff819e04000 	C:\Users\Hp\.gradle\native\e376f236ea51e6404a007f0833ffe2c6e607c4080706a723a18a27aeea778392\windows-amd64\native-platform-file-events.dll
0x00007ff8585e0000 - 0x00007ff8585e9000 	C:\Program Files\Java\jdk-11.0.17\bin\management.dll
0x00007ff8582d0000 - 0x00007ff8582db000 	C:\Program Files\Java\jdk-11.0.17\bin\management_ext.dll
0x00007ff864be0000 - 0x00007ff864bf8000 	C:\WINDOWS\SYSTEM32\CRYPTSP.dll
0x00007ff8642a0000 - 0x00007ff8642d4000 	C:\WINDOWS\system32\rsaenh.dll
0x00007ff865460000 - 0x00007ff865487000 	C:\WINDOWS\System32\bcrypt.dll
0x00007ff865130000 - 0x00007ff86515e000 	C:\WINDOWS\SYSTEM32\USERENV.dll
0x00007ff864c00000 - 0x00007ff864c0c000 	C:\WINDOWS\SYSTEM32\CRYPTBASE.dll
0x00007ff864690000 - 0x00007ff8646cb000 	C:\WINDOWS\SYSTEM32\IPHLPAPI.DLL
0x00007ff865ef0000 - 0x00007ff865ef8000 	C:\WINDOWS\System32\NSI.dll
0x00007ff8573e0000 - 0x00007ff8573f7000 	C:\WINDOWS\SYSTEM32\dhcpcsvc6.DLL
0x00007ff858d30000 - 0x00007ff858d4d000 	C:\WINDOWS\SYSTEM32\dhcpcsvc.DLL
0x00007ff8646e0000 - 0x00007ff8647ab000 	C:\WINDOWS\SYSTEM32\DNSAPI.dll

dbghelp: loaded successfully - version: 4.0.5 - missing functions: none
symbol engine: initialized successfully - sym options: 0x614 - pdb path: .;C:\Program Files\Java\jdk-11.0.17\bin;C:\WINDOWS\SYSTEM32;C:\WINDOWS\WinSxS\amd64_microsoft.windows.common-controls_6595b64144ccf1df_6.0.19041.1110_none_60b5254171f9507e;C:\Program Files\Java\jdk-11.0.17\bin\server;C:\Users\Hp\.gradle\native\68d5fa5c4cc2d200863cafc0d521ce42e7d3e7ee720ec0a83991735586a16f82\windows-amd64;C:\Users\Hp\.gradle\native\e376f236ea51e6404a007f0833ffe2c6e607c4080706a723a18a27aeea778392\windows-amd64

VM Arguments:
jvm_args: -XX:MaxMetaspaceSize=512m --add-opens=java.base/java.util=ALL-UNNAMED --add-opens=java.base/java.lang=ALL-UNNAMED --add-opens=java.base/java.lang.invoke=ALL-UNNAMED --add-opens=java.prefs/java.util.prefs=ALL-UNNAMED --add-opens=java.base/java.nio.charset=ALL-UNNAMED --add-opens=java.base/java.net=ALL-UNNAMED --add-opens=java.base/java.util.concurrent.atomic=ALL-UNNAMED -Xmx2048m -Dfile.encoding=windows-1252 -Duser.country=US -Duser.language=en -Duser.variant 
java_command: org.gradle.launcher.daemon.bootstrap.GradleDaemon 8.0.1
java_class_path (initial): C:\Users\Hp\.gradle\wrapper\dists\gradle-8.0.1-all\aro4hu1c3oeioove7l0i4i14o\gradle-8.0.1\lib\gradle-launcher-8.0.1.jar
Launcher Type: SUN_STANDARD

[Global flags]
     intx CICompilerCount                          = 3                                         {product} {ergonomic}
   size_t CompressedClassSpaceSize                 = 528482304                                 {product} {ergonomic}
     uint ConcGCThreads                            = 1                                         {product} {ergonomic}
     uint G1ConcRefinementThreads                  = 4                                         {product} {ergonomic}
   size_t G1HeapRegionSize                         = 1048576                                   {product} {ergonomic}
    uintx GCDrainStackTargetSize                   = 64                                        {product} {ergonomic}
   size_t InitialHeapSize                          = 134217728                                 {product} {ergonomic}
   size_t MarkStackSize                            = 4194304                                   {product} {ergonomic}
   size_t MaxHeapSize                              = 2147483648                                {product} {command line}
   size_t MaxMetaspaceSize                         = 536870912                                 {product} {command line}
   size_t MaxNewSize                               = 1287651328                                {product} {ergonomic}
   size_t MinHeapDeltaBytes                        = 1048576                                   {product} {ergonomic}
    uintx NonNMethodCodeHeapSize                   = 5830732                                {pd product} {ergonomic}
    uintx NonProfiledCodeHeapSize                  = 122913754                              {pd product} {ergonomic}
    uintx ProfiledCodeHeapSize                     = 122913754                              {pd product} {ergonomic}
    uintx ReservedCodeCacheSize                    = 251658240                              {pd product} {ergonomic}
     bool SegmentedCodeCache                       = true                                      {product} {ergonomic}
     bool UseCompressedClassPointers               = true                                 {lp64_product} {ergonomic}
     bool UseCompressedOops                        = true                                 {lp64_product} {ergonomic}
     bool UseG1GC                                  = true                                      {product} {ergonomic}
     bool UseLargePagesIndividualAllocation        = false                                  {pd product} {ergonomic}

Logging:
Log output configuration:
 #0: stdout all=warning uptime,level,tags
 #1: stderr all=off uptime,level,tags

Environment Variables:
JAVA_HOME=C:\Program Files\Java\jdk-11.0.17
CLASSPATH=C:\development\mobile\huduma-yoyote-provider\android\\gradle\wrapper\gradle-wrapper.jar
PATH=C:\development\mobile\huduma-yoyote-provider\node_modules\.bin;C:\development\mobile\huduma-yoyote-provider\node_modules\.bin;C:\development\mobile\node_modules\.bin;C:\development\node_modules\.bin;C:\node_modules\.bin;C:\Users\Hp\AppData\Roaming\nvm\v20.5.0\node_modules\npm\node_modules\@npmcli\run-script\lib\node-gyp-bin;C:\Users\Hp\AppData\Local\Temp\yarn--1723918190196-0.6027621212675021;C:\development\mobile\huduma-yoyote-provider\node_modules\.bin;C:\Users\Hp\AppData\Local\Yarn\Data\link\node_modules\.bin;C:\Users\Hp\AppData\Local\Yarn\bin;C:\Program Files\libexec\lib\node_modules\npm\bin\node-gyp-bin;C:\Program Files\lib\node_modules\npm\bin\node-gyp-bin;C:\Program Files\nodejs\node_modules\npm\bin\node-gyp-bin;;C:\Python310\Scripts\;C:\Python310\;C:\WINDOWS\system32;C:\WINDOWS;C:\WINDOWS\System32\Wbem;C:\WINDOWS\System32\WindowsPowerShell\v1.0\;C:\WINDOWS\System32\OpenSSH\;C:\Program Files\Git\cmd;C:\ProgramData\chocolatey\bin;C:\Program Files\OpenJDK\openjdk-8u302-b08\bin;C:\Program Files (x86)\Yarn\bin\;C:\tools\php80;C:\ProgramData\ComposerSetup\bin;C:\Gradle\gradle-7.5.1\bin;C:\Program Files\OpenJDK\openjdk-8u302-b08;C:\Users\Hp\AppData\Roaming\nvm;C:\Program Files\nodejs;C:\Users\Hp\AppData\Local\Microsoft\WindowsApps;C:\Users\Hp\AppData\Local\Programs\Microsoft VS Code\bin;C:\Users\Hp\AppData\Roaming\npm;C:\Users\Hp\AppData\Local\Android\Sdk\platform-tools;C:\Users\Hp\AppData\Roaming\Composer\vendor\bin;C:\Users\Hp\AppData\Roaming\nvm;C:\Program Files\nodejs;C:\Users\Hp\AppData\Roaming\npm\node_modules\.bin;
USERNAME=Hp
OS=Windows_NT
PROCESSOR_IDENTIFIER=Intel64 Family 6 Model 69 Stepping 1, GenuineIntel



---------------  S Y S T E M  ---------------

OS: Windows 10 , 64 bit Build 19041 (10.0.19041.2546)

CPU:total 4 (initial active 4) (2 cores per cpu, 2 threads per core) family 6 model 69 stepping 1 microcode 0x25, cmov, cx8, fxsr, mmx, sse, sse2, sse3, ssse3, sse4.1, sse4.2, popcnt, avx, avx2, aes, clmul, erms, lzcnt, ht, tsc, tscinvbit, bmi1, bmi2, fma

Memory: 4k page, system-wide physical 8064M (277M free)
TotalPageFile size 28178M (AvailPageFile size 0M)
current process WorkingSet (physical memory assigned to process): 139M, peak: 139M
current process commit charge ("private bytes"): 243M, peak: 244M

vm_info: Java HotSpot(TM) 64-Bit Server VM (11.0.17+10-LTS-269) for windows-amd64 JRE (11.0.17+10-LTS-269), built on Sep 13 2022 19:26:37 by "mach5one" with MS VC++ 15.9 (VS2017)

END.
